<?xml version="1.0" encoding="UTF-8"?>
<testsuite xmlns:xsi="http://www.w3.org/2001/XMLSchema-instance" xsi:noNamespaceSchemaLocation="https://maven.apache.org/surefire/maven-surefire-plugin/xsd/surefire-test-report-3.0.xsd" version="3.0" name="com.example.zoo.test.ChuongControllerTest" time="0.986" tests="6" errors="0" skipped="0" failures="0">
  <properties>
[...]
</properties>
  <testcase name="testLuu_AddMode_NewChuong_ShouldRedirect" classname="com.example.zoo.test.ChuongControllerTest" time="0.95">
    <system-err><![CDATA[WARNING: A Java agent has been loaded dynamically (C:\Users\truon\.m2\repository\net\bytebuddy\byte-buddy-agent\1.14.16\byte-buddy-agent-1.14.16.jar)
WARNING: If a serviceability tool is in use, please run with -XX:+EnableDynamicAgentLoading to hide this warning
WARNING: If a serviceability tool is not in use, please run with -Djdk.instrument.traceUsage for more information
WARNING: Dynamic loading of agents will be disallowed by default in a future release
]]></system-err>
  </testcase>
  <testcase name="testList_AsAdmin_ShouldReturnListView" classname="com.example.zoo.test.ChuongControllerTest" time="0.006"/>
  <testcase name="testList_AsUser_ShouldRedirectToError" classname="com.example.zoo.test.ChuongControllerTest" time="0.004"/>
  <testcase name="testXoa_AsAdmin_ShouldRedirect" classname="com.example.zoo.test.ChuongControllerTest" time="0.004"/>
  <testcase name="testThemForm_AsAdmin_ShouldReturnForm" classname="com.example.zoo.test.ChuongControllerTest" time="0.004"/>
  <testcase name="testSuaForm_NotFound_ShouldRedirect" classname="com.example.zoo.test.ChuongControllerTest" time="0.003"/>
</testsuite>